2019-11-03 09:02:08 INFO  TestBase:70 - Creating Object of chrome
2019-11-03 09:02:16 INFO  TestBase:54 - Navigate to http://maps.google.com/
2019-11-03 09:02:18 INFO  TestBase:72 - click on searchdirection icon
2019-11-03 09:02:36 INFO  TestBase:74 - click on drive direction icon
2019-11-03 09:03:09 INFO  TestBase:77 - enter source location
2019-11-03 09:03:13 INFO  TestBase:80 - enter deatination location
2019-11-03 09:03:14 INFO  TestBase:82 - click on search icon for route
2019-11-03 09:09:32 INFO  TestBase:70 - Creating Object of chrome
2019-11-03 09:09:40 INFO  TestBase:54 - Navigate to http://maps.google.com/
2019-11-03 09:09:44 INFO  TestBase:73 - click on searchdirection icon
2019-11-03 09:09:51 INFO  TestBase:75 - click on drive direction icon
2019-11-03 09:09:52 INFO  TestBase:78 - enter source location
2019-11-03 09:10:01 INFO  TestBase:81 - enter deatination location
2019-11-03 09:10:02 INFO  TestBase:83 - click on search icon for route
2019-11-03 09:14:25 INFO  TestBase:70 - Creating Object of chrome
2019-11-03 09:14:37 INFO  TestBase:54 - Navigate to http://maps.google.com/
2019-11-03 09:14:39 INFO  TestBase:74 - click on searchdirection icon
2019-11-03 09:14:42 INFO  TestBase:76 - click on drive direction icon
2019-11-03 09:14:45 INFO  TestBase:79 - enter source location
2019-11-03 09:14:46 INFO  TestBase:82 - enter deatination location
2019-11-03 09:14:47 INFO  TestBase:84 - click on search icon for route
2019-11-03 09:20:40 INFO  TestBase:70 - Creating Object of chrome
2019-11-03 09:20:50 INFO  TestBase:54 - Navigate to http://maps.google.com/
2019-11-03 09:20:54 INFO  TestBase:74 - click on searchdirection icon
2019-11-03 09:20:59 INFO  TestBase:76 - click on drive direction icon
2019-11-03 09:21:00 INFO  TestBase:79 - enter source location
2019-11-03 09:21:01 INFO  TestBase:82 - enter deatination location
2019-11-03 09:21:01 INFO  TestBase:84 - click on search icon for route
2019-11-03 09:29:46 INFO  TestBase:70 - Creating Object of chrome
2019-11-03 09:29:54 INFO  TestBase:54 - Navigate to http://maps.google.com/
2019-11-03 09:31:41 INFO  TestBase:70 - Creating Object of chrome
2019-11-03 09:31:54 INFO  TestBase:54 - Navigate to http://maps.google.com/
2019-11-03 09:31:57 INFO  TestBase:62 - enter text in search input box
2019-11-03 09:31:57 INFO  TestBase:64 - click on search button
2019-11-03 10:40:37 INFO  TestBase:70 - Creating Object of chrome
2019-11-03 10:42:00 INFO  TestBase:54 - Navigate to http://maps.google.com/
2019-11-03 10:42:48 INFO  TestBase:62 - enter text in searchinput box
2019-11-03 10:42:52 INFO  TestBase:64 - click on search button
2019-11-03 10:51:42 INFO  TestBase:70 - Creating Object of chrome
2019-11-03 10:52:00 INFO  TestBase:54 - Navigate to http://maps.google.com/
2019-11-03 10:52:06 INFO  TestBase:62 - enter text in searchinput box
2019-11-03 10:52:06 INFO  TestBase:64 - click on search button
2019-11-03 10:59:57 INFO  TestBase:70 - Creating Object of chrome
2019-11-03 11:00:10 INFO  TestBase:54 - Navigate to http://maps.google.com/
2019-11-03 11:00:14 INFO  TestBase:62 - enter text in searchinput box
2019-11-03 11:00:14 INFO  TestBase:64 - click on search button
2019-11-03 11:03:08 INFO  TestBase:70 - Creating Object of chrome
2019-11-03 11:03:29 INFO  TestBase:54 - Navigate to http://maps.google.com/
2019-11-03 11:03:34 INFO  TestBase:62 - enter text in searchinput box
2019-11-03 11:03:34 INFO  TestBase:64 - click on search button
2019-11-03 12:17:00 INFO  TestBase:70 - Creating Object of chrome
2019-11-03 12:17:56 INFO  TestBase:54 - Navigate to http://maps.google.com/
2019-11-03 12:19:15 INFO  TestBase:62 - enter text in searchinput box
2019-11-03 12:19:24 INFO  TestBase:64 - click on search button
2019-11-03 12:39:09 INFO  TestBase:69 - Creating Object of chrome
2019-11-03 12:39:29 INFO  TestBase:53 - Navigate to http://maps.google.com/
2019-11-03 12:39:33 INFO  TestBase:62 - enter text in searchinput box
2019-11-03 12:39:33 INFO  TestBase:64 - click on search button
2019-11-03 13:13:06 INFO  TestBase:69 - Creating Object of chrome
2019-11-03 13:14:25 INFO  TestBase:53 - Navigate to http://maps.google.com/
2019-11-03 13:15:31 INFO  TestBase:62 - enter text in searchinput box
2019-11-03 13:15:40 INFO  TestBase:64 - click on search button
2019-11-03 13:22:26 INFO  TestBase:69 - Creating Object of chrome
2019-11-03 13:22:43 INFO  TestBase:53 - Navigate to http://maps.google.com/
2019-11-03 13:22:48 INFO  TestBase:62 - enter text in searchinput box
2019-11-03 13:22:48 INFO  TestBase:64 - click on search button
2019-11-03 13:30:47 INFO  TestBase:69 - Creating Object of chrome
2019-11-03 13:31:20 INFO  TestBase:53 - Navigate to http://maps.google.com/
2019-11-03 13:31:53 INFO  TestBase:62 - enter text in searchinput box
2019-11-03 13:31:55 INFO  TestBase:64 - click on search button
2019-11-03 13:38:52 INFO  TestBase:69 - Creating Object of chrome
2019-11-03 13:39:35 INFO  TestBase:53 - Navigate to http://maps.google.com/
2019-11-03 13:40:52 INFO  TestBase:62 - enter text in searchinput box
2019-11-03 13:41:00 INFO  TestBase:64 - click on search button
2019-11-03 13:47:23 INFO  TestBase:69 - Creating Object of chrome
2019-11-03 13:47:37 INFO  TestBase:53 - Navigate to http://maps.google.com/
2019-11-03 13:47:40 INFO  TestBase:62 - enter text in searchinput box
2019-11-03 13:47:40 INFO  TestBase:64 - click on search button
2019-11-03 13:54:04 INFO  TestBase:69 - Creating Object of chrome
2019-11-03 13:54:15 INFO  TestBase:53 - Navigate to http://maps.google.com/
2019-11-03 13:54:17 INFO  TestBase:62 - enter text in searchinput box
2019-11-03 13:54:17 INFO  TestBase:64 - click on search button
2019-11-03 14:07:13 INFO  TestBase:69 - Creating Object of chrome
2019-11-03 14:07:24 INFO  TestBase:53 - Navigate to http://maps.google.com/
2019-11-03 14:07:26 INFO  TestBase:62 - enter text in searchinput box
2019-11-03 14:07:26 INFO  TestBase:64 - click on search button
2019-11-03 14:11:05 INFO  TestBase:69 - Creating Object of chrome
2019-11-03 14:11:09 INFO  TestBase:53 - Navigate to http://maps.google.com/
2019-11-03 14:11:12 INFO  TestBase:62 - enter text in searchinput box
2019-11-03 14:11:12 INFO  TestBase:64 - click on search button
2019-11-03 14:33:52 INFO  TestBase:69 - Creating Object of chrome
2019-11-03 14:34:05 INFO  TestBase:53 - Navigate to http://maps.google.com/
2019-11-03 14:34:08 INFO  TestBase:62 - enter text in searchinput box
2019-11-03 14:34:09 INFO  TestBase:64 - click on search button
2019-11-03 14:42:02 INFO  TestBase:59 - Creating Object of chrome
2019-11-03 14:42:16 INFO  TestBase:43 - Navigate to http://maps.google.com/
2019-11-03 14:42:24 INFO  TestBase:60 - enter text in searchinput box
2019-11-03 14:42:24 INFO  TestBase:62 - click on search button
